BUILD: Computing Include file dependencies:
BUILD: null byte at offset 0x00000003
BUILD: 9544 null bytes in file
BUILD: null byte at offset 0x00000003
BUILD: 6674 null bytes in file
BUILD: null byte at offset 0x00000003
BUILD: 24726 null bytes in file
BUILD: Examining c:\users\mr.xiao\desktop\a-protect_0.4.4\src\safesystem directory for files to compile.
oacr invalidate root:x86chk /autocleanqueue
1>Compiling and Linking c:\users\mr.xiao\desktop\a-protect_0.4.4\src\safesystem *************
1>'nmake.exe /nologo BUILDMSG=Stop. -i BUILD_PASS=PASS2 LINKONLY=1 NOPASS0=1 MAKEDIR_RELATIVE_TO_BASEDIR='
1>c:\users\mr.xiao\desktop\a-protect_0.4.4\src\safesystem: TARGETPATH is obj
1> C:\WinDDK\7600.16385.1\Bin\x86\oacr\oacrcl @c:\users\mr.xiao\desktop\a-protect_0.4.4\src\safesystem\objchk_win7_x86\i386\cl.rsp
1>Microsoft (R) 32-bit C/C++ Optimizing Compiler Version 15.00.30729.207 for 80x86
1>Copyright (C) Microsoft Corporation.  All rights reserved.
1>cl /Fo"c:\users\mr.xiao\desktop\a-protect_0.4.4\src\safesystem\objchk_win7_x86\i386/"
1> /FC
1> /Ii386
1> /I.
1> /Ic:\users\mr.xiao\desktop\a-protect_0.4.4\src\safesystem\objchk_win7_x86\i386
1> /IC:\WinDDK\7600.16385.1\inc\api
1> /IC:\WinDDK\7600.16385.1\inc\api
1> /IC:\WinDDK\7600.16385.1\inc\ddk
1> /IC:\WinDDK\7600.16385.1\inc\ddk
1> /IC:\WinDDK\7600.16385.1\inc\crt
1> /D_X86_=1
1> /Di386=1
1> /DSTD_CALL
1> /DCONDITION_HANDLING=1
1> /DNT_UP=1
1> /DNT_INST=0
1> /DWIN32=100
1> /D_NT1X_=100
1> /DWINNT=1
1> /D_WIN32_WINNT=0x0601
1> /DWINVER=0x0601
1> /D_WIN32_IE=0x0800
1> /DWIN32_LEAN_AND_MEAN=1
1> /DDEVL=1
1> /DDBG=1
1> /D__BUILDMACHINE__=WinDDK
1> /DFPO=0
1> /D_DLL=1
1> /DNDEBUG
1> /DDEPRECATE_DDK_FUNCTIONS=1
1> /DMSC_NOOPT
1> /DNTDDI_VERSION=0x06010000
1> /c
1> /Zc:wchar_t-
1> /Zl
1> /Zp8
1> /Gy
1> /Gm-
1> -cbstring
1> /W3
1> /Gz
1> /hotpatch
1> /EHs-c-
1> /GR-
1> /GF
1> /GS
1> /Zi
1> /Od
1> /Oi
1> /Oy-
1> /Zi
1> /Fdc:\users\mr.xiao\desktop\a-protect_0.4.4\src\safesystem\objchk_win7_x86\i386\
1> /DKMDF_MAJOR_VERSION_STRING=01
1> /DKMDF_MINOR_VERSION_STRING=009
1> /wd4603
1> /wd4627
1> /typedil-
1> /FIC:\WinDDK\7600.16385.1\inc\api\warning.h
1> .\safesystem.c .\ntos.c .\ntfs.c .\kbdclass.c .\filesystem.c .\inlinehook.c .\initwindowsversion.c .\kernelreload.c .\control.c .\reloadssdttablehook.c .\ssdt.c .\shadowssdt.c .\ldasm.c .\libdasm.c .\sysmodule.c .\port.c .\tcpip.c .\nsiproxy.c .\killprocess.c .\process.c .\services.c .\deletefile.c .\processmodule.c .\kernelhookcheck.c .\antiinlinehook.c .\protect.c .\function.c .\win32k.c .\networkdefense.c .\dump.c .\file.c .\driverhips.c .\objecthookcheck.c .\kernelfilterdriver.c .\systemthread.c .\kernelthread.c .\fixrelocation.c .\mouclass.c .\atapi.c .\dpctimer.c .\systemnotify.c .\startup.c .\workqueue.c .\lookupkerneldata.c .\funcaddrvalid.c .\reloadshadowssdttablehook.c .\iotimer.c .\msghook.c 
1>safesystem.c
1>ntos.c
1>ntfs.c
1>kbdclass.c
1>filesystem.c
1>inlinehook.c
1>initwindowsversion.c
1>kernelreload.c
1>control.c
1>reloadssdttablehook.c
1>ssdt.c
1>shadowssdt.c
1>ldasm.c
1>libdasm.c
1>sysmodule.c
1>port.c
1>tcpip.c
1>nsiproxy.c
1>killprocess.c
1>process.c
1>Generating Code...
1>Compiling...
1>services.c
1>deletefile.c
1>processmodule.c
1>kernelhookcheck.c
1>antiinlinehook.c
1>protect.c
1>function.c
1>win32k.c
1>networkdefense.c
1>dump.c
1>file.c
1>driverhips.c
1>objecthookcheck.c
1>kernelfilterdriver.c
1>systemthread.c
1>kernelthread.c
1>fixrelocation.c
1>mouclass.c
1>atapi.c
1>dpctimer.c
1>Generating Code...
1>Compiling...
1>systemnotify.c
1>startup.c
1>workqueue.c
1>lookupkerneldata.c
1>funcaddrvalid.c
1>reloadshadowssdttablehook.c
1>iotimer.c
1>msghook.c
1>Generating Code...
1> C:\WinDDK\7600.16385.1\Bin\x86\oacr\oacrlink /out:c:\users\mr.xiao\desktop\a-protect_0.4.4\src\safesystem\objchk_win7_x86\i386\A-Protect.sys /machine:ix86 @c:\users\mr.xiao\desktop\a-protect_0.4.4\src\safesystem\objchk_win7_x86\i386\lnk.rsp
1>Microsoft (R) Incremental Linker Version 9.00.30729.207
1>Copyright (C) Microsoft Corporation.  All rights reserved.
1>/MERGE:_PAGE=PAGE 
1>/MERGE:_TEXT=.text 
1>/SECTION:INIT,d 
1>/OPT:REF 
1>/OPT:ICF 
1>/IGNORE:4198,4010,4037,4039,4065,4070,4078,4087,4089,4221 
1>/INCREMENTAL:NO 
1>/release 
1>/NODEFAULTLIB 
1>/WX 
1>/debug 
1>/debugtype:cv,fixup,pdata 
1>/version:6.1 
1>/osversion:6.1 
1>/functionpadmin:5 
1>/safeseh 
1>/pdbcompress 
1>/STACK:0x40000,0x1000 
1>/driver 
1>/base:0x10000 
1>/subsystem:native,6.01 
1>/entry:GsDriverEntry@8 
1>/out:c:\users\mr.xiao\desktop\a-protect_0.4.4\src\safesystem\objchk_win7_x86\i386\A-Protect.sys 
1>c:\users\mr.xiao\desktop\a-protect_0.4.4\src\safesystem\objchk_win7_x86\i386\safesystem.obj 
1>c:\users\mr.xiao\desktop\a-protect_0.4.4\src\safesystem\objchk_win7_x86\i386\ntos.obj 
1>c:\users\mr.xiao\desktop\a-protect_0.4.4\src\safesystem\objchk_win7_x86\i386\ntfs.obj 
1>c:\users\mr.xiao\desktop\a-protect_0.4.4\src\safesystem\objchk_win7_x86\i386\kbdclass.obj 
1>c:\users\mr.xiao\desktop\a-protect_0.4.4\src\safesystem\objchk_win7_x86\i386\filesystem.obj 
1>c:\users\mr.xiao\desktop\a-protect_0.4.4\src\safesystem\objchk_win7_x86\i386\inlinehook.obj 
1>c:\users\mr.xiao\desktop\a-protect_0.4.4\src\safesystem\objchk_win7_x86\i386\initwindowsversion.obj 
1>c:\users\mr.xiao\desktop\a-protect_0.4.4\src\safesystem\objchk_win7_x86\i386\kernelreload.obj 
1>c:\users\mr.xiao\desktop\a-protect_0.4.4\src\safesystem\objchk_win7_x86\i386\control.obj 
1>c:\users\mr.xiao\desktop\a-protect_0.4.4\src\safesystem\objchk_win7_x86\i386\reloadssdttablehook.obj 
1>c:\users\mr.xiao\desktop\a-protect_0.4.4\src\safesystem\objchk_win7_x86\i386\ssdt.obj 
1>c:\users\mr.xiao\desktop\a-protect_0.4.4\src\safesystem\objchk_win7_x86\i386\shadowssdt.obj 
1>c:\users\mr.xiao\desktop\a-protect_0.4.4\src\safesystem\objchk_win7_x86\i386\ldasm.obj 
1>c:\users\mr.xiao\desktop\a-protect_0.4.4\src\safesystem\objchk_win7_x86\i386\libdasm.obj 
1>c:\users\mr.xiao\desktop\a-protect_0.4.4\src\safesystem\objchk_win7_x86\i386\sysmodule.obj 
1>c:\users\mr.xiao\desktop\a-protect_0.4.4\src\safesystem\objchk_win7_x86\i386\port.obj 
1>c:\users\mr.xiao\desktop\a-protect_0.4.4\src\safesystem\objchk_win7_x86\i386\tcpip.obj 
1>c:\users\mr.xiao\desktop\a-protect_0.4.4\src\safesystem\objchk_win7_x86\i386\nsiproxy.obj 
1>c:\users\mr.xiao\desktop\a-protect_0.4.4\src\safesystem\objchk_win7_x86\i386\killprocess.obj 
1>c:\users\mr.xiao\desktop\a-protect_0.4.4\src\safesystem\objchk_win7_x86\i386\process.obj 
1>c:\users\mr.xiao\desktop\a-protect_0.4.4\src\safesystem\objchk_win7_x86\i386\services.obj 
1>c:\users\mr.xiao\desktop\a-protect_0.4.4\src\safesystem\objchk_win7_x86\i386\deletefile.obj 
1>c:\users\mr.xiao\desktop\a-protect_0.4.4\src\safesystem\objchk_win7_x86\i386\processmodule.obj 
1>c:\users\mr.xiao\desktop\a-protect_0.4.4\src\safesystem\objchk_win7_x86\i386\kernelhookcheck.obj 
1>c:\users\mr.xiao\desktop\a-protect_0.4.4\src\safesystem\objchk_win7_x86\i386\antiinlinehook.obj 
1>c:\users\mr.xiao\desktop\a-protect_0.4.4\src\safesystem\objchk_win7_x86\i386\protect.obj 
1>c:\users\mr.xiao\desktop\a-protect_0.4.4\src\safesystem\objchk_win7_x86\i386\function.obj 
1>c:\users\mr.xiao\desktop\a-protect_0.4.4\src\safesystem\objchk_win7_x86\i386\win32k.obj 
1>c:\users\mr.xiao\desktop\a-protect_0.4.4\src\safesystem\objchk_win7_x86\i386\networkdefense.obj 
1>c:\users\mr.xiao\desktop\a-protect_0.4.4\src\safesystem\objchk_win7_x86\i386\dump.obj 
1>c:\users\mr.xiao\desktop\a-protect_0.4.4\src\safesystem\objchk_win7_x86\i386\file.obj 
1>c:\users\mr.xiao\desktop\a-protect_0.4.4\src\safesystem\objchk_win7_x86\i386\driverhips.obj 
1>c:\users\mr.xiao\desktop\a-protect_0.4.4\src\safesystem\objchk_win7_x86\i386\objecthookcheck.obj 
1>c:\users\mr.xiao\desktop\a-protect_0.4.4\src\safesystem\objchk_win7_x86\i386\kernelfilterdriver.obj 
1>c:\users\mr.xiao\desktop\a-protect_0.4.4\src\safesystem\objchk_win7_x86\i386\systemthread.obj 
1>c:\users\mr.xiao\desktop\a-protect_0.4.4\src\safesystem\objchk_win7_x86\i386\kernelthread.obj 
1>c:\users\mr.xiao\desktop\a-protect_0.4.4\src\safesystem\objchk_win7_x86\i386\fixrelocation.obj 
1>c:\users\mr.xiao\desktop\a-protect_0.4.4\src\safesystem\objchk_win7_x86\i386\mouclass.obj 
1>c:\users\mr.xiao\desktop\a-protect_0.4.4\src\safesystem\objchk_win7_x86\i386\atapi.obj 
1>c:\users\mr.xiao\desktop\a-protect_0.4.4\src\safesystem\objchk_win7_x86\i386\dpctimer.obj 
1>c:\users\mr.xiao\desktop\a-protect_0.4.4\src\safesystem\objchk_win7_x86\i386\systemnotify.obj 
1>c:\users\mr.xiao\desktop\a-protect_0.4.4\src\safesystem\objchk_win7_x86\i386\startup.obj 
1>c:\users\mr.xiao\desktop\a-protect_0.4.4\src\safesystem\objchk_win7_x86\i386\workqueue.obj 
1>c:\users\mr.xiao\desktop\a-protect_0.4.4\src\safesystem\objchk_win7_x86\i386\lookupkerneldata.obj 
1>c:\users\mr.xiao\desktop\a-protect_0.4.4\src\safesystem\objchk_win7_x86\i386\funcaddrvalid.obj 
1>c:\users\mr.xiao\desktop\a-protect_0.4.4\src\safesystem\objchk_win7_x86\i386\reloadshadowssdttablehook.obj 
1>c:\users\mr.xiao\desktop\a-protect_0.4.4\src\safesystem\objchk_win7_x86\i386\iotimer.obj 
1>c:\users\mr.xiao\desktop\a-protect_0.4.4\src\safesystem\objchk_win7_x86\i386\msghook.obj 
1>C:\WinDDK\7600.16385.1\lib\win7\i386\BufferOverflowK.lib 
1>C:\WinDDK\7600.16385.1\lib\win7\i386\ntoskrnl.lib 
1>C:\WinDDK\7600.16385.1\lib\win7\i386\hal.lib 
1>C:\WinDDK\7600.16385.1\lib\win7\i386\wmilib.lib 
